Build started 11.10.2015 21:03:10.
     1>Project "C:\Users\Joose\Dropbox\C++\Placing\PlacingPeople\PlacingPeople.vcxproj" on node 2 (Build target(s)).
     1>ClCompile:
         C:\Program Files (x86)\Microsoft Visual Studio 12.0\VC\bin\CL.exe /c /ZI /nologo /W3 /WX- /sdl /Od /Oy- /D _MBCS /Gm /EHsc /RTC1 /MDd /GS /fp:precise /Zc:wchar_t /Zc:forScope /Fo"Debug\\" /Fd"Debug\vc120.pdb" /Gd /TP /analyze- /errorReport:prompt main.cpp
         main.cpp
     1>c:\users\joose\dropbox\c++\placing\placingpeople\main.cpp(122): warning C4018: '<' : signed/unsigned mismatch
     1>c:\users\joose\dropbox\c++\placing\placingpeople\main.cpp(131): warning C4018: '<' : signed/unsigned mismatch
     1>c:\users\joose\dropbox\c++\placing\placingpeople\main.cpp(132): warning C4018: '<' : signed/unsigned mismatch
     1>c:\users\joose\dropbox\c++\placing\placingpeople\main.cpp(181): warning C4018: '<' : signed/unsigned mismatch
     1>c:\users\joose\dropbox\c++\placing\placingpeople\main.cpp(208): warning C4018: '<' : signed/unsigned mismatch
     1>c:\users\joose\dropbox\c++\placing\placingpeople\main.cpp(281): warning C4018: '<' : signed/unsigned mismatch
     1>c:\users\joose\dropbox\c++\placing\placingpeople\main.cpp(284): warning C4018: '<' : signed/unsigned mismatch
     1>c:\users\joose\dropbox\c++\placing\placingpeople\main.cpp(296): warning C4018: '<' : signed/unsigned mismatch
     1>c:\users\joose\dropbox\c++\placing\placingpeople\main.cpp(297): warning C4018: '<' : signed/unsigned mismatch
     1>c:\users\joose\dropbox\c++\placing\placingpeople\main.cpp(358): warning C4018: '<' : signed/unsigned mismatch
     1>c:\users\joose\dropbox\c++\placing\placingpeople\main.cpp(359): warning C4018: '<' : signed/unsigned mismatch
     1>c:\users\joose\dropbox\c++\placing\placingpeople\main.cpp(450): warning C4018: '<' : signed/unsigned mismatch
       Link:
         C:\Program Files (x86)\Microsoft Visual Studio 12.0\VC\bin\link.exe /ERRORREPORT:PROMPT /OUT:"C:\Users\Joose\Dropbox\C++\Placing\Debug\PlacingPeople.exe" /INCREMENTAL /NOLOGO kernel32.lib user32.lib gdi32.lib winspool.lib comdlg32.lib advapi32.lib shell32.lib ole32.lib oleaut32.lib uuid.lib odbc32.lib odbccp32.lib /MANIFEST /MANIFESTUAC:"level='asInvoker' uiAccess='false'" /manifest:embed /DEBUG /PDB:"C:\Users\Joose\Dropbox\C++\Placing\Debug\PlacingPeople.pdb" /TLBID:1 /DYNAMICBASE /NXCOMPAT /IMPLIB:"C:\Users\Joose\Dropbox\C++\Placing\Debug\PlacingPeople.lib" /MACHINE:X86 Debug\main.obj
         PlacingPeople.vcxproj -> C:\Users\Joose\Dropbox\C++\Placing\Debug\PlacingPeople.exe
     1>Done Building Project "C:\Users\Joose\Dropbox\C++\Placing\PlacingPeople\PlacingPeople.vcxproj" (Build target(s)).

Build succeeded.

Time Elapsed 00:00:03.66
